{
  "stats": {
    "suites": 1,
    "tests": 1,
    "passes": 1,
    "pending": 0,
    "failures": 0,
    "start": "2025-05-05T08:40:36.426Z",
    "end": "2025-05-05T08:40:53.672Z",
    "duration": 17246,
    "testsRegistered": 1,
    "passPercent": 100,
    "pendingPercent": 0,
    "other": 0,
    "hasOther": false,
    "skipped": 0,
    "hasSkipped": false
  },
  "results": [
    {
      "uuid": "805ba71d-9135-4255-a10a-057cfabc42a1",
      "title": "",
      "fullFile": "cypress\\e2e\\Productpage.cy.js",
      "file": "cypress\\e2e\\Productpage.cy.js",
      "beforeHooks": [],
      "afterHooks": [],
      "tests": [],
      "suites": [
        {
          "uuid": "2743812f-b0a1-41cc-ba6d-ba86b95ce64b",
          "title": "Test Product Page Fuctionality",
          "fullFile": "",
          "file": "",
          "beforeHooks": [],
          "afterHooks": [],
          "tests": [
            {
              "title": "should open the landing page ",
              "fullTitle": "Test Product Page Fuctionality should open the landing page ",
              "timedOut": null,
              "duration": 17121,
              "state": "passed",
              "speed": "slow",
              "pass": true,
              "fail": false,
              "pending": false,
              "context": null,
              "code": "cy.visit('/');\nlogin.username('standard_user');\ncy.wait(3000);\nlogin.password('secret_sauce');\ncy.wait(3000);\nlogin.LoginButton();\ncy.wait(3000);\nlogin.Productpage(); //open the item that has been clicked\ncy.wait(3000);\nlogin.BacktoLandingPage();",
              "err": {},
              "uuid": "465b7f3b-af5b-4c44-8403-ac5c6fe3a8ba",
              "parentUUID": "2743812f-b0a1-41cc-ba6d-ba86b95ce64b",
              "isHook": false,
              "skipped": false
            }
          ],
          "suites": [],
          "passes": [
            "465b7f3b-af5b-4c44-8403-ac5c6fe3a8ba"
          ],
          "failures": [],
          "pending": [],
          "skipped": [],
          "duration": 17121,
          "root": false,
          "rootEmpty": false,
          "_timeout": 2000
        }
      ],
      "passes": [],
      "failures": [],
      "pending": [],
      "skipped": [],
      "duration": 0,
      "root": true,
      "rootEmpty": true,
      "_timeout": 2000
    }
  ],
  "meta": {
    "mocha": {
      "version": "7.2.0"
    },
    "mochawesome": {
      "options": {
        "quiet": false,
        "reportFilename": "mochawesome",
        "saveHtml": true,
        "saveJson": true,
        "consoleReporter": "spec",
        "useInlineDiffs": false,
        "code": true
      },
      "version": "7.1.3"
    },
    "marge": {
      "options": {
        "overwrite": false
      },
      "version": "6.2.0"
    }
  }
}